<?xml version="1.0" encoding="UTF-8"?>
<coverage generated="1756046184054" clover="3.2.0">
  <project timestamp="1756046184054" name="All files">
    <metrics statements="32" coveredstatements="27" conditionals="4" coveredconditionals="2" methods="13" coveredmethods="8" elements="49" coveredelements="37" complexity="0" loc="32" ncloc="32" packages="2" files="8" classes="8"/>
    <package name="components">
      <metrics statements="13" coveredstatements="13" conditionals="4" coveredconditionals="2" methods="6" coveredmethods="6"/>
      <file name="Contact.js" path="C:\Users\Hp\OneDrive\Desktop\Namaste-React-Course\src\components\Contact.js">
        <metrics statements="2" coveredstatements="2" conditionals="0" coveredconditionals="0" methods="1" coveredmethods="1"/>
        <line num="1" count="1" type="stmt"/>
        <line num="2" count="4" type="stmt"/>
      </file>
      <file name="Header.js" path="C:\Users\Hp\OneDrive\Desktop\Namaste-React-Course\src\components\Header.js">
        <metrics statements="9" coveredstatements="9" conditionals="4" coveredconditionals="2" methods="4" coveredmethods="4"/>
        <line num="8" count="1" type="stmt"/>
        <line num="9" count="4" type="stmt"/>
        <line num="10" count="4" type="stmt"/>
        <line num="12" count="4" type="stmt"/>
        <line num="17" count="4" type="stmt"/>
        <line num="22" count="7" type="stmt"/>
        <line num="25" count="4" type="stmt"/>
        <line num="53" count="1" type="cond" truecount="1" falsecount="1"/>
        <line num="54" count="1" type="stmt"/>
      </file>
      <file name="sum.js" path="C:\Users\Hp\OneDrive\Desktop\Namaste-React-Course\src\components\sum.js">
        <metrics statements="2" coveredstatements="2" conditionals="0" coveredconditionals="0" methods="1" coveredmethods="1"/>
        <line num="1" count="1" type="stmt"/>
        <line num="2" count="1" type="stmt"/>
      </file>
    </package>
    <package name="utils">
      <metrics statements="19" coveredstatements="14" conditionals="0" coveredconditionals="0" methods="7" coveredmethods="2"/>
      <file name="UserContext.js" path="C:\Users\Hp\OneDrive\Desktop\Namaste-React-Course\src\utils\UserContext.js">
        <metrics statements="2" coveredstatements="2" conditionals="0" coveredconditionals="0" methods="0" coveredmethods="0"/>
        <line num="1" count="1" type="stmt"/>
        <line num="3" count="1" type="stmt"/>
      </file>
      <file name="appStore.js" path="C:\Users\Hp\OneDrive\Desktop\Namaste-React-Course\src\utils\appStore.js">
        <metrics statements="1" coveredstatements="1" conditionals="0" coveredconditionals="0" methods="0" coveredmethods="0"/>
        <line num="4" count="1" type="stmt"/>
      </file>
      <file name="cartSlice.js" path="C:\Users\Hp\OneDrive\Desktop\Namaste-React-Course\src\utils\cartSlice.js">
        <metrics statements="5" coveredstatements="2" conditionals="0" coveredconditionals="0" methods="3" coveredmethods="0"/>
        <line num="3" count="1" type="stmt"/>
        <line num="11" count="0" type="stmt"/>
        <line num="14" count="0" type="stmt"/>
        <line num="17" count="0" type="stmt"/>
        <line num="22" count="1" type="stmt"/>
      </file>
      <file name="constants.js" path="C:\Users\Hp\OneDrive\Desktop\Namaste-React-Course\src\utils\constants.js">
        <metrics statements="3" coveredstatements="3" conditionals="0" coveredconditionals="0" methods="0" coveredmethods="0"/>
        <line num="1" count="1" type="stmt"/>
        <line num="3" count="1" type="stmt"/>
        <line num="5" count="1" type="stmt"/>
      </file>
      <file name="useOnlineStatus.js" path="C:\Users\Hp\OneDrive\Desktop\Namaste-React-Course\src\utils\useOnlineStatus.js">
        <metrics statements="8" coveredstatements="6" conditionals="0" coveredconditionals="0" methods="4" coveredmethods="2"/>
        <line num="3" count="1" type="stmt"/>
        <line num="4" count="4" type="stmt"/>
        <line num="7" count="4" type="stmt"/>
        <line num="8" count="3" type="stmt"/>
        <line num="9" count="0" type="stmt"/>
        <line num="12" count="3" type="stmt"/>
        <line num="13" count="0" type="stmt"/>
        <line num="18" count="4" type="stmt"/>
      </file>
    </package>
  </project>
</coverage>
