{"C:\\Users\\Hp\\OneDrive\\Desktop\\Namaste-React-Course\\src\\components\\Contact.js": {"path":"C:\\Users\\Hp\\OneDrive\\Desktop\\Namaste-React-Course\\src\\components\\Contact.js","statementMap":{"0":{"start":{"line":1,"column":16},"end":{"line":12,"column":1}},"1":{"start":{"line":2,"column":4},"end":{"line":11,"column":6}}},"fnMap":{"0":{"name":"(anonymous_0)","decl":{"start":{"line":1,"column":16},"end":{"line":1,"column":17}},"loc":{"start":{"line":1,"column":22},"end":{"line":12,"column":1}},"line":1}},"branchMap":{},"s":{"0":1,"1":4},"f":{"0":4},"b":{},"_coverageSchema":"1a1c01bbd47fc00a2c39e90264f33305004495a9","hash":"db534783f9f2ed495ec5dafb204267658af9ec6a"}
,"C:\\Users\\Hp\\OneDrive\\Desktop\\Namaste-React-Course\\src\\components\\Header.js": {"path":"C:\\Users\\Hp\\OneDrive\\Desktop\\Namaste-React-Course\\src\\components\\Header.js","statementMap":{"0":{"start":{"line":8,"column":15},"end":{"line":64,"column":1}},"1":{"start":{"line":9,"column":34},"end":{"line":9,"column":51}},"2":{"start":{"line":10,"column":25},"end":{"line":10,"column":42}},"3":{"start":{"line":12,"column":29},"end":{"line":12,"column":52}},"4":{"start":{"line":17,"column":4},"end":{"line":19,"column":18}},"5":{"start":{"line":22,"column":22},"end":{"line":22,"column":62}},"6":{"start":{"line":22,"column":45},"end":{"line":22,"column":61}},"7":{"start":{"line":25,"column":4},"end":{"line":63,"column":6}},"8":{"start":{"line":53,"column":28},"end":{"line":53,"column":93}},"9":{"start":{"line":54,"column":28},"end":{"line":54,"column":67}}},"fnMap":{"0":{"name":"(anonymous_0)","decl":{"start":{"line":8,"column":15},"end":{"line":8,"column":16}},"loc":{"start":{"line":8,"column":21},"end":{"line":64,"column":1}},"line":8},"1":{"name":"(anonymous_1)","decl":{"start":{"line":17,"column":14},"end":{"line":17,"column":15}},"loc":{"start":{"line":17,"column":20},"end":{"line":19,"column":5}},"line":17},"2":{"name":"(anonymous_2)","decl":{"start":{"line":22,"column":34},"end":{"line":22,"column":35}},"loc":{"start":{"line":22,"column":45},"end":{"line":22,"column":61}},"line":22},"3":{"name":"(anonymous_3)","decl":{"start":{"line":52,"column":33},"end":{"line":52,"column":34}},"loc":{"start":{"line":52,"column":38},"end":{"line":55,"column":25}},"line":52}},"branchMap":{"0":{"loc":{"start":{"line":33,"column":40},"end":{"line":33,"column":66}},"type":"cond-expr","locations":[{"start":{"line":33,"column":55},"end":{"line":33,"column":59}},{"start":{"line":33,"column":62},"end":{"line":33,"column":66}}],"line":33},"1":{"loc":{"start":{"line":53,"column":28},"end":{"line":53,"column":92}},"type":"cond-expr","locations":[{"start":{"line":53,"column":50},"end":{"line":53,"column":70}},{"start":{"line":53,"column":73},"end":{"line":53,"column":92}}],"line":53}},"s":{"0":1,"1":4,"2":4,"3":4,"4":4,"5":4,"6":7,"7":4,"8":1,"9":1},"f":{"0":4,"1":4,"2":7,"3":1},"b":{"0":[4,0],"1":[1,0]},"_coverageSchema":"1a1c01bbd47fc00a2c39e90264f33305004495a9","hash":"3089208c052524b585db44cdd54e1f4d54c6e45b"}
,"C:\\Users\\Hp\\OneDrive\\Desktop\\Namaste-React-Course\\src\\components\\sum.js": {"path":"C:\\Users\\Hp\\OneDrive\\Desktop\\Namaste-React-Course\\src\\components\\sum.js","statementMap":{"0":{"start":{"line":1,"column":19},"end":{"line":3,"column":1}},"1":{"start":{"line":2,"column":4},"end":{"line":2,"column":17}}},"fnMap":{"0":{"name":"(anonymous_0)","decl":{"start":{"line":1,"column":19},"end":{"line":1,"column":20}},"loc":{"start":{"line":1,"column":29},"end":{"line":3,"column":1}},"line":1}},"branchMap":{},"s":{"0":1,"1":1},"f":{"0":1},"b":{},"_coverageSchema":"1a1c01bbd47fc00a2c39e90264f33305004495a9","hash":"0e8faeab328d613a2ec14764257380c2aaa3eca6"}
,"C:\\Users\\Hp\\OneDrive\\Desktop\\Namaste-React-Course\\src\\utils\\UserContext.js": {"path":"C:\\Users\\Hp\\OneDrive\\Desktop\\Namaste-React-Course\\src\\utils\\UserContext.js","statementMap":{"0":{"start":{"line":1,"column":26},"end":{"line":1,"column":42}},"1":{"start":{"line":3,"column":20},"end":{"line":5,"column":2}}},"fnMap":{},"branchMap":{},"s":{"0":1,"1":1},"f":{},"b":{},"_coverageSchema":"1a1c01bbd47fc00a2c39e90264f33305004495a9","hash":"8f0fea12062fc0ebd863ada95b9e69713722fa9b"}
,"C:\\Users\\Hp\\OneDrive\\Desktop\\Namaste-React-Course\\src\\utils\\appStore.js": {"path":"C:\\Users\\Hp\\OneDrive\\Desktop\\Namaste-React-Course\\src\\utils\\appStore.js","statementMap":{"0":{"start":{"line":4,"column":18},"end":{"line":8,"column":2}}},"fnMap":{},"branchMap":{},"s":{"0":1},"f":{},"b":{},"_coverageSchema":"1a1c01bbd47fc00a2c39e90264f33305004495a9","hash":"6a2aaa40a02b791dc7869b84c1d61ba442bf9b4c"}
,"C:\\Users\\Hp\\OneDrive\\Desktop\\Namaste-React-Course\\src\\utils\\cartSlice.js": {"path":"C:\\Users\\Hp\\OneDrive\\Desktop\\Namaste-React-Course\\src\\utils\\cartSlice.js","statementMap":{"0":{"start":{"line":3,"column":18},"end":{"line":20,"column":2}},"1":{"start":{"line":11,"column":12},"end":{"line":11,"column":45}},"2":{"start":{"line":14,"column":12},"end":{"line":14,"column":30}},"3":{"start":{"line":17,"column":12},"end":{"line":17,"column":35}},"4":{"start":{"line":22,"column":51},"end":{"line":22,"column":68}}},"fnMap":{"0":{"name":"(anonymous_0)","decl":{"start":{"line":9,"column":17},"end":{"line":9,"column":18}},"loc":{"start":{"line":9,"column":36},"end":{"line":12,"column":9}},"line":9},"1":{"name":"(anonymous_1)","decl":{"start":{"line":13,"column":20},"end":{"line":13,"column":21}},"loc":{"start":{"line":13,"column":31},"end":{"line":15,"column":9}},"line":13},"2":{"name":"(anonymous_2)","decl":{"start":{"line":16,"column":19},"end":{"line":16,"column":20}},"loc":{"start":{"line":16,"column":30},"end":{"line":18,"column":9}},"line":16}},"branchMap":{},"s":{"0":1,"1":0,"2":0,"3":0,"4":1},"f":{"0":0,"1":0,"2":0},"b":{},"_coverageSchema":"1a1c01bbd47fc00a2c39e90264f33305004495a9","hash":"bf5f16faaaf3554bf1f6e7bf6b01513c9749daa1"}
,"C:\\Users\\Hp\\OneDrive\\Desktop\\Namaste-React-Course\\src\\utils\\constants.js": {"path":"C:\\Users\\Hp\\OneDrive\\Desktop\\Namaste-React-Course\\src\\utils\\constants.js","statementMap":{"0":{"start":{"line":1,"column":30},"end":{"line":1,"column":183}},"1":{"start":{"line":3,"column":24},"end":{"line":3,"column":100}},"2":{"start":{"line":5,"column":24},"end":{"line":5,"column":64}}},"fnMap":{},"branchMap":{},"s":{"0":1,"1":1,"2":1},"f":{},"b":{},"_coverageSchema":"1a1c01bbd47fc00a2c39e90264f33305004495a9","hash":"1985f33e3079af4d10b984adc83c00bbf40b755f"}
,"C:\\Users\\Hp\\OneDrive\\Desktop\\Namaste-React-Course\\src\\utils\\useOnlineStatus.js": {"path":"C:\\Users\\Hp\\OneDrive\\Desktop\\Namaste-React-Course\\src\\utils\\useOnlineStatus.js","statementMap":{"0":{"start":{"line":3,"column":24},"end":{"line":19,"column":1}},"1":{"start":{"line":4,"column":44},"end":{"line":4,"column":58}},"2":{"start":{"line":7,"column":4},"end":{"line":15,"column":10}},"3":{"start":{"line":8,"column":8},"end":{"line":10,"column":11}},"4":{"start":{"line":9,"column":12},"end":{"line":9,"column":35}},"5":{"start":{"line":12,"column":8},"end":{"line":14,"column":11}},"6":{"start":{"line":13,"column":12},"end":{"line":13,"column":34}},"7":{"start":{"line":18,"column":4},"end":{"line":18,"column":24}}},"fnMap":{"0":{"name":"(anonymous_0)","decl":{"start":{"line":3,"column":24},"end":{"line":3,"column":25}},"loc":{"start":{"line":3,"column":30},"end":{"line":19,"column":1}},"line":3},"1":{"name":"(anonymous_1)","decl":{"start":{"line":7,"column":14},"end":{"line":7,"column":15}},"loc":{"start":{"line":7,"column":20},"end":{"line":15,"column":5}},"line":7},"2":{"name":"(anonymous_2)","decl":{"start":{"line":8,"column":43},"end":{"line":8,"column":44}},"loc":{"start":{"line":8,"column":49},"end":{"line":10,"column":9}},"line":8},"3":{"name":"(anonymous_3)","decl":{"start":{"line":12,"column":42},"end":{"line":12,"column":43}},"loc":{"start":{"line":12,"column":48},"end":{"line":14,"column":9}},"line":12}},"branchMap":{},"s":{"0":1,"1":4,"2":4,"3":3,"4":0,"5":3,"6":0,"7":4},"f":{"0":4,"1":3,"2":0,"3":0},"b":{},"_coverageSchema":"1a1c01bbd47fc00a2c39e90264f33305004495a9","hash":"4aabb427b3b89ec1bbd42016ee89abf53e73ba6d"}
}
